<?xml version="1.0" encoding="UTF-8"?>
<!-- Generated by org.testng.reporters.JUnitReportReporter -->
<testsuite skipped="0" hostname="DESKTOP-O5SIUU5" name="Events.Personal_Attendance" tests="1" failures="0" timestamp="01 Dec 2017 06:11:35 GMT" time="40.419" errors="0">
  <testcase name="table_data" time="40.419" classname="Events.Personal_Attendance"/>
</testsuite> <!-- Events.Personal_Attendance -->
