<?xml version="1.0" encoding="UTF-8"?>
<!-- Generated by org.testng.reporters.JUnitReportReporter -->
<testsuite skipped="0" hostname="DESKTOP-O5SIUU5" name="Utility.Config_Reader" tests="1" failures="0" timestamp="19 Nov 2017 06:18:25 GMT" time="0.011" errors="0">
  <testcase name="getChromePath" time="0.011" classname="Utility.Config_Reader"/>
</testsuite> <!-- Utility.Config_Reader -->
